<?xml version="1.0" encoding="UTF-8"?>
<testng-results skipped="0" failed="0" ignored="0" total="1" passed="1">
  <reporter-output>
  </reporter-output>
  <suite name="Default suite" duration-ms="49" started-at="2018-03-24T04:31:41Z" finished-at="2018-03-24T04:31:41Z">
    <groups>
    </groups>
    <test name="Default test" duration-ms="49" started-at="2018-03-24T04:31:41Z" finished-at="2018-03-24T04:31:41Z">
      <class name="NewTest">
        <test-method status="PASS" signature="testEmailGenerator()[pri:0, instance:NewTest@204f30ec]" name="testEmailGenerator" duration-ms="17" started-at="2018-03-24T12:31:41Z" finished-at="2018-03-24T12:31:41Z">
          <reporter-output>
          </reporter-output>
        </test-method> <!-- testEmailGenerator -->
      </class> <!-- NewTest -->
    </test> <!-- Default test -->
  </suite> <!-- Default suite -->
</testng-results>
